<?xml version="1.0" encoding="UTF-8"?>
<!-- Generated by org.testng.reporters.JUnitReportReporter -->
<testsuite hostname="shital" failures="0" tests="2" name="testCases.LoginPage_Test" time="26.217" errors="0" timestamp="2024-06-30T18:23:56 IST" skipped="0">
  <testcase classname="testCases.LoginPage_Test" name="loginToApplicationTest" time="9.439">
    <system-out>
      <![CDATA[Login Successful= https://www.saucedemo.com/inventory.html]]>
    </system-out>
  </testcase> <!-- loginToApplicationTest -->
  <testcase classname="testCases.LoginPage_Test" name="verifyTitleOfApplicationTest" time="16.778"/>
  <system-out>
    <![CDATA[Login Successful= https://www.saucedemo.com/inventory.html]]>
  </system-out>
</testsuite> <!-- testCases.LoginPage_Test -->
