<?xml version="1.0" encoding="UTF-8"?>
<!-- Generated by org.testng.reporters.JUnitReportReporter -->
<testsuite hostname="DESKTOP-JET7EDG" failures="0" tests="1" name="testCases.CheckOut_Step_One_Page_Test" time="17.809" errors="0" timestamp="2024-06-15T08:05:58 IST" skipped="0">
  <testcase classname="testCases.CheckOut_Step_One_Page_Test" name="inputInformationTest" time="17.809"/>
  <system-out>
    <![CDATA[Checkout Page 2 URL = https://www.saucedemo.com/checkout-step-two.html]]>
  </system-out>
</testsuite> <!-- testCases.CheckOut_Step_One_Page_Test -->
