<?xml version="1.0" encoding="UTF-8"?>
<!-- Generated by org.testng.reporters.JUnitReportReporter -->
<testsuite hostname="DESKTOP-JET7EDG" failures="0" tests="3" name="testCases.CheckOut_Step_Two_Page_Test" time="51.758" errors="0" timestamp="2024-06-13T07:48:46 IST" skipped="0">
  <testcase classname="testCases.CheckOut_Step_Two_Page_Test" name="verifyPaymentInfoLableTest" time="15.154"/>
  <system-out>
    <![CDATA[Payment Information lable is = Payment Information:]]>
  </system-out>
  <testcase classname="testCases.CheckOut_Step_Two_Page_Test" name="verifySauceCradLableTest" time="21.252"/>
  <system-out>
    <![CDATA[ Sauce Card lable is = SauceCard #31337]]>
  </system-out>
  <testcase classname="testCases.CheckOut_Step_Two_Page_Test" name="clickOnFinishBtnTest" time="15.352"/>
  <system-out>
    <![CDATA[Complete Page URL = https://www.saucedemo.com/checkout-complete.html]]>
  </system-out>
</testsuite> <!-- testCases.CheckOut_Step_Two_Page_Test -->
