<?xml version="1.0" encoding="UTF-8"?>
<!-- Generated by org.testng.reporters.JUnitReportReporter -->
<testsuite hostname="DESKTOP-JET7EDG" failures="0" tests="3" name="testCases.Inventory_Page_Test" time="31.052" errors="0" timestamp="2024-06-15T08:05:58 IST" skipped="0">
  <testcase classname="testCases.Inventory_Page_Test" name="verifyFacebookLogoTest" time="9.007"/>
  <system-out>
    <![CDATA[Facebook Logo is present= true]]>
  </system-out>
  <testcase classname="testCases.Inventory_Page_Test" name="verifyPageTitleTest" time="8.535"/>
  <system-out>
    <![CDATA[Inventory page title = Products]]>
  </system-out>
  <testcase classname="testCases.Inventory_Page_Test" name="add6Products" time="13.510"/>
  <system-out>
    <![CDATA[Total products add to the cart = 6]]>
  </system-out>
</testsuite> <!-- testCases.Inventory_Page_Test -->
