<?xml version="1.0" encoding="UTF-8"?>
<!-- Generated by org.testng.reporters.JUnitReportReporter -->
<testsuite hostname="DESKTOP-JET7EDG" failures="0" tests="3" name="testCases.Cart_Page_Test" time="46.479" errors="0" timestamp="2024-06-15T08:18:04 IST" skipped="0">
  <testcase classname="testCases.Cart_Page_Test" name="clickonCheckOutBtnTest" time="19.072"/>
  <system-out>
    <![CDATA[checkout page step one URL = https://www.saucedemo.com/checkout-step-one.html]]>
  </system-out>
  <testcase classname="testCases.Cart_Page_Test" name="verifycartPageURLTest" time="14.027"/>
  <system-out>
    <![CDATA[cart page URL = https://www.saucedemo.com/cart.html]]>
  </system-out>
  <testcase classname="testCases.Cart_Page_Test" name="verifyPageTitleTest" time="13.380"/>
  <system-out>
    <![CDATA[cart page title = Your Cart]]>
  </system-out>
</testsuite> <!-- testCases.Cart_Page_Test -->
